[debug] [2021-04-17T17:10:19.902Z] ----------------------------------------------------------------------
[debug] [2021-04-17T17:10:19.907Z] Command:       C:\Program Files\nodejs\node.exe C:\Users\Celeste\AppData\Roaming\npm\node_modules\firebase-tools\lib\bin\firebase.js init
[debug] [2021-04-17T17:10:19.908Z] CLI Version:   9.10.0
[debug] [2021-04-17T17:10:19.909Z] Platform:      win32
[debug] [2021-04-17T17:10:19.909Z] Node Version:  v14.16.1
[debug] [2021-04-17T17:10:19.911Z] Time:          Sat Apr 17 2021 12:10:19 GMT-0500 (hora estándar de Perú)
[debug] [2021-04-17T17:10:19.911Z] ----------------------------------------------------------------------
[debug] 
[debug] [2021-04-17T17:10:19.930Z] > command requires scopes: ["email","openid","https://www.googleapis.com/auth/cloudplatformprojects.readonly","https://www.googleapis.com/auth/firebase","https://www.googleapis.com/auth/cloud-platform"]
[debug] [2021-04-17T17:10:19.931Z] > authorizing via signed-in user (melaminasdelsur.01@gmail.com)
[info] 
     ######## #### ########  ######## ########     ###     ######  ########
     ##        ##  ##     ## ##       ##     ##  ##   ##  ##       ##
     ######    ##  ########  ######   ########  #########  ######  ######
     ##        ##  ##    ##  ##       ##     ## ##     ##       ## ##
     ##       #### ##     ## ######## ########  ##     ##  ######  ########

You're about to initialize a Firebase project in this directory:

  C:\Users\Celeste\Desktop\Nueva carpeta (2)

[info] 
=== Project Setup
[info] 
[info] First, let's associate this project directory with a Firebase project.
[info] You can create multiple project aliases by running firebase use --add, 
[info] but for now we'll just set up a default project.
[info] 
[debug] [2021-04-17T17:11:37.134Z] >>> [apiv2][query] GET https://firebase.googleapis.com/v1beta1/projects pageSize=100
[debug] [2021-04-17T17:11:37.665Z] <<< [apiv2][status] GET https://firebase.googleapis.com/v1beta1/projects 200
[debug] [2021-04-17T17:11:37.665Z] <<< [apiv2][body] GET https://firebase.googleapis.com/v1beta1/projects [omitted]
[info] i  Using project melaminasdelsur02 (melaminasdelsur02) 
[info] 
=== Hosting Setup
[info] 
[info] Your public directory is the folder (relative to your project directory) that
[info] will contain Hosting assets to be uploaded with firebase deploy. If you
[info] have a build process for your assets, use your build's output directory.
[info] 
[debug] [2021-04-17T17:12:34.500Z] >>> [apiv2][query] GET https://www.gstatic.com/firebasejs/releases.json [none]
[debug] [2021-04-17T17:12:35.037Z] <<< [apiv2][status] GET https://www.gstatic.com/firebasejs/releases.json 200
[debug] [2021-04-17T17:12:35.038Z] <<< [apiv2][body] GET https://www.gstatic.com/firebasejs/releases.json {"current":{"version":"8.4.1","browserURL":"https://www.gstatic.com/firebasejs/8.4.1/firebase.js","packageURL":"https://www.gstatic.com/firebasejs/8.4.1/firebase.tgz"},"live":{"version":"8.4","browserURL":"https://www.gstatic.com/firebasejs/live/8.4/firebase.js","packageURL":"https://www.gstatic.com/firebasejs/live/8.4/firebase.tgz"},"components":{"analytics":"https://www.gstatic.com/firebasejs/8.4.1/firebase-analytics.js","app":"https://www.gstatic.com/firebasejs/8.4.1/firebase-app.js","auth":"https://www.gstatic.com/firebasejs/8.4.1/firebase-auth.js","database":"https://www.gstatic.com/firebasejs/8.4.1/firebase-database.js","firestore":"https://www.gstatic.com/firebasejs/8.4.1/firebase-firestore.js","functions":"https://www.gstatic.com/firebasejs/8.4.1/firebase-functions.js","installations":"https://www.gstatic.com/firebasejs/8.4.1/firebase-installations.js","messaging":"https://www.gstatic.com/firebasejs/8.4.1/firebase-messaging.js","storage":"https://www.gstatic.com/firebasejs/8.4.1/firebase-storage.js","performance":"https://www.gstatic.com/firebasejs/8.4.1/firebase-performance.js","remote-config":"https://www.gstatic.com/firebasejs/8.4.1/firebase-remote-config.js","firestore.memory":"https://www.gstatic.com/firebasejs/8.4.1/firebase-firestore.memory.js"}}
[info] +  Wrote public/index.html 
[info] 
[info] i  Didn't detect a .git folder. Assuming C:\Users\Celeste\Desktop\Nueva carpeta (2) is the project root. 
[info] i  Authorizing with GitHub to upload your service account to a GitHub repository's secrets store. 
[info] 
[info] Visit this URL on this device to log in:
[info] https://github.com/login/oauth/authorize?client_id=89cf50f02ac6aaed3484&state=636340121&redirect_uri=http%3A%2F%2Flocalhost%3A9005&scope=read%3Auser%20repo%20public_repo
[info] 
[info] Waiting for authentication...
[debug] [2021-04-17T17:22:24.637Z] >>> HTTP REQUEST POST https://github.com/login/oauth/access_token  
 {"client_id":"89cf50f02ac6aaed3484","client_secret":"3330d14abc895d9a74d5f17cd7a00711fa2c5bf0","code":"587500ddb81bb4ce683b","redirect_uri":"http://localhost:9005","state":"636340121"}
[debug] [2021-04-17T17:22:25.101Z] <<< HTTP RESPONSE 200 {"server":"GitHub.com","date":"Sat, 17 Apr 2021 17:22:25 GMT","content-type":"application/json; charset=utf-8","transfer-encoding":"chunked","vary":"X-PJAX, Accept-Encoding, Accept, X-Requested-With","etag":"W/\"a2149be6575c264eb3897fe22187f6fb\"","cache-control":"max-age=0, private, must-revalidate","strict-transport-security":"max-age=31536000; includeSubdomains; preload","x-frame-options":"deny","x-content-type-options":"nosniff","x-xss-protection":"0","referrer-policy":"origin-when-cross-origin, strict-origin-when-cross-origin","expect-ct":"max-age=2592000, report-uri=\"https://api.github.com/_private/browser/errors\"","content-security-policy":"default-src 'none'; base-uri 'self'; block-all-mixed-content; connect-src 'self' uploads.github.com www.githubstatus.com collector.githubapp.com api.github.com github-cloud.s3.amazonaws.com github-production-repository-file-5c1aeb.s3.amazonaws.com github-production-upload-manifest-file-7fdce7.s3.amazonaws.com github-production-user-asset-6210df.s3.amazonaws.com cdn.optimizely.com logx.optimizely.com/v1/events wss://alive.github.com; font-src github.githubassets.com; form-action 'self' github.com gist.github.com; frame-ancestors 'none'; frame-src render.githubusercontent.com; img-src 'self' data: github.githubassets.com identicons.github.com collector.githubapp.com github-cloud.s3.amazonaws.com secured-user-images.githubusercontent.com/ *.githubusercontent.com; manifest-src 'self'; media-src 'none'; script-src github.githubassets.com; style-src 'unsafe-inline' github.githubassets.com; worker-src github.com/socket-worker-3f088aa2.js gist.github.com/socket-worker-3f088aa2.js","x-github-request-id":"F8AC:45CE:7DAEE8:1010219:607B1950"}
[debug] [2021-04-17T17:22:25.117Z] >>> [apiv2][query] GET https://api.github.com/user [none]
[debug] [2021-04-17T17:22:25.592Z] <<< [apiv2][status] GET https://api.github.com/user 200
[debug] [2021-04-17T17:22:25.592Z] <<< [apiv2][body] GET https://api.github.com/user {"login":"melaminasdelsur","id":82724143,"node_id":"MDQ6VXNlcjgyNzI0MTQz","avatar_url":"https://avatars.githubusercontent.com/u/82724143?v=4","gravatar_id":"","url":"https://api.github.com/users/melaminasdelsur","html_url":"https://github.com/melaminasdelsur","followers_url":"https://api.github.com/users/melaminasdelsur/followers","following_url":"https://api.github.com/users/melaminasdelsur/following{/other_user}","gists_url":"https://api.github.com/users/melaminasdelsur/gists{/gist_id}","starred_url":"https://api.github.com/users/melaminasdelsur/starred{/owner}{/repo}","subscriptions_url":"https://api.github.com/users/melaminasdelsur/subscriptions","organizations_url":"https://api.github.com/users/melaminasdelsur/orgs","repos_url":"https://api.github.com/users/melaminasdelsur/repos","events_url":"https://api.github.com/users/melaminasdelsur/events{/privacy}","received_events_url":"https://api.github.com/users/melaminasdelsur/received_events","type":"User","site_admin":false,"name":null,"company":null,"blog":"","location":null,"email":null,"hireable":null,"bio":null,"twitter_username":null,"public_repos":0,"public_gists":0,"followers":0,"following":0,"created_at":"2021-04-17T17:20:12Z","updated_at":"2021-04-17T17:20:12Z","private_gists":0,"total_private_repos":0,"owned_private_repos":0,"disk_usage":0,"collaborators":0,"two_factor_authentication":false,"plan":{"name":"free","space":976562499,"collaborators":0,"private_repos":10000}}
[info] 
[info] +  Success! Logged into GitHub as melaminasdelsur 
[info] 
[debug] [2021-04-17T17:25:56.048Z] >>> [apiv2][query] GET https://api.github.com/repos/arequipa/actions/secrets/public-key type=owner
[debug] [2021-04-17T17:25:56.462Z] <<< [apiv2][status] GET https://api.github.com/repos/arequipa/actions/secrets/public-key 404
[debug] [2021-04-17T17:25:56.462Z] <<< [apiv2][body] GET https://api.github.com/repos/arequipa/actions/secrets/public-key {"message":"Not Found","documentation_url":"https://docs.github.com/rest"}
[debug] [2021-04-17T17:27:23.570Z] >>> [apiv2][query] GET https://api.github.com/repos/git remote add origin https://github.com/melaminasdelsur/arequipa.git/actions/secrets/public-key type=owner
[debug] [2021-04-17T17:27:23.572Z] >>> [apiv2][query] GET https://api.github.com/repos/git branch -M main/actions/secrets/public-key type=owner
[debug] [2021-04-17T17:27:23.956Z] <<< [apiv2][status] GET https://api.github.com/repos/git remote add origin https://github.com/melaminasdelsur/arequipa.git/actions/secrets/public-key 404
[debug] [2021-04-17T17:27:23.956Z] <<< [apiv2][body] GET https://api.github.com/repos/git remote add origin https://github.com/melaminasdelsur/arequipa.git/actions/secrets/public-key {"message":"Not Found","documentation_url":"https://docs.github.com/rest"}
[debug] [2021-04-17T17:27:23.991Z] <<< [apiv2][status] GET https://api.github.com/repos/git branch -M main/actions/secrets/public-key 404
[debug] [2021-04-17T17:27:23.992Z] <<< [apiv2][body] GET https://api.github.com/repos/git branch -M main/actions/secrets/public-key {"message":"Not Found","documentation_url":"https://docs.github.com/rest"}
[debug] [2021-04-17T17:27:26.606Z] >>> [apiv2][query] GET https://api.github.com/repos/git push -u origin main/actions/secrets/public-key type=owner
[debug] [2021-04-17T17:27:27.012Z] <<< [apiv2][status] GET https://api.github.com/repos/git push -u origin main/actions/secrets/public-key 404
[debug] [2021-04-17T17:27:27.013Z] <<< [apiv2][body] GET https://api.github.com/repos/git push -u origin main/actions/secrets/public-key {"message":"Not Found","documentation_url":"https://docs.github.com/rest"}
[debug] [2021-04-17T17:27:41.584Z] >>> [apiv2][query] GET https://api.github.com/repos/git remote add origin https://github.com/melaminasdelsur/arequipa.git/actions/secrets/public-key type=owner
[debug] [2021-04-17T17:27:41.585Z] >>> [apiv2][query] GET https://api.github.com/repos/git branch -M main/actions/secrets/public-key type=owner
[debug] [2021-04-17T17:27:41.995Z] <<< [apiv2][status] GET https://api.github.com/repos/git branch -M main/actions/secrets/public-key 404
[debug] [2021-04-17T17:27:41.996Z] <<< [apiv2][body] GET https://api.github.com/repos/git branch -M main/actions/secrets/public-key {"message":"Not Found","documentation_url":"https://docs.github.com/rest"}
[debug] [2021-04-17T17:27:42.006Z] <<< [apiv2][status] GET https://api.github.com/repos/git remote add origin https://github.com/melaminasdelsur/arequipa.git/actions/secrets/public-key 404
[debug] [2021-04-17T17:27:42.007Z] <<< [apiv2][body] GET https://api.github.com/repos/git remote add origin https://github.com/melaminasdelsur/arequipa.git/actions/secrets/public-key {"message":"Not Found","documentation_url":"https://docs.github.com/rest"}
[debug] [2021-04-17T17:27:45.253Z] >>> [apiv2][query] GET https://api.github.com/repos/git push -u origin main/actions/secrets/public-key type=owner
[debug] [2021-04-17T17:27:45.641Z] <<< [apiv2][status] GET https://api.github.com/repos/git push -u origin main/actions/secrets/public-key 404
[debug] [2021-04-17T17:27:45.641Z] <<< [apiv2][body] GET https://api.github.com/repos/git push -u origin main/actions/secrets/public-key {"message":"Not Found","documentation_url":"https://docs.github.com/rest"}
[debug] [2021-04-17T17:30:38.004Z] >>> [apiv2][query] GET https://api.github.com/repos/repository/actions/secrets/public-key type=owner
[debug] [2021-04-17T17:30:38.433Z] <<< [apiv2][status] GET https://api.github.com/repos/repository/actions/secrets/public-key 404
[debug] [2021-04-17T17:30:38.434Z] <<< [apiv2][body] GET https://api.github.com/repos/repository/actions/secrets/public-key {"message":"Not Found","documentation_url":"https://docs.github.com/rest"}
[debug] [2021-04-17T17:30:47.204Z] >>> [apiv2][query] GET https://api.github.com/repos/http://localhost:9005/actions/secrets/public-key type=owner
[debug] [2021-04-17T17:30:47.612Z] <<< [apiv2][status] GET https://api.github.com/repos/http://localhost:9005/actions/secrets/public-key 404
[debug] [2021-04-17T17:30:47.612Z] <<< [apiv2][body] GET https://api.github.com/repos/http://localhost:9005/actions/secrets/public-key {"message":"Not Found","documentation_url":"https://docs.github.com/rest"}
